{"/Users/noeldacosta/repo/jsonapi-vuex-jest/src/layouts/MyLayout.vue": {"path":"/Users/noeldacosta/repo/jsonapi-vuex-jest/src/layouts/MyLayout.vue","statementMap":{"0":{"start":{"line":123,"column":0},"end":{"line":123,"column":null}}},"fnMap":{"0":{"name":"data","decl":{"start":{"line":122,"column":0},"end":{"line":122,"column":null}},"loc":{"start":{"line":122,"column":0},"end":{"line":126,"column":null}}}},"branchMap":{},"s":{"0":0},"f":{"0":0},"b":{}}
,"/Users/noeldacosta/repo/jsonapi-vuex-jest/src/router/index.js": {"path":"/Users/noeldacosta/repo/jsonapi-vuex-jest/src/router/index.js","statementMap":{"0":{"start":{"line":6,"column":0},"end":{"line":6,"column":19}},"1":{"start":{"line":14,"column":17},"end":{"line":23,"column":4}},"2":{"start":{"line":15,"column":27},"end":{"line":15,"column":41}},"3":{"start":{"line":25,"column":2},"end":{"line":25,"column":16}}},"fnMap":{"0":{"name":"(anonymous_0)","decl":{"start":{"line":13,"column":15},"end":{"line":13,"column":16}},"loc":{"start":{"line":13,"column":53},"end":{"line":26,"column":1}},"line":13},"1":{"name":"(anonymous_1)","decl":{"start":{"line":15,"column":20},"end":{"line":15,"column":21}},"loc":{"start":{"line":15,"column":27},"end":{"line":15,"column":41}},"line":15}},"branchMap":{},"s":{"0":0,"1":0,"2":0,"3":0},"f":{"0":0,"1":0},"b":{},"hash":"9e6a03b0482f3b228230dbc0c54d0ca74653bd5c"}
,"/Users/noeldacosta/repo/jsonapi-vuex-jest/src/router/routes.js": {"path":"/Users/noeldacosta/repo/jsonapi-vuex-jest/src/router/routes.js","statementMap":{"0":{"start":{"line":1,"column":15},"end":{"line":7,"column":1}},"1":{"start":{"line":4,"column":21},"end":{"line":4,"column":51}},"2":{"start":{"line":5,"column":44},"end":{"line":5,"column":69}},"3":{"start":{"line":10,"column":0},"end":{"line":15,"column":1}},"4":{"start":{"line":11,"column":2},"end":{"line":14,"column":5}},"5":{"start":{"line":13,"column":21},"end":{"line":13,"column":49}}},"fnMap":{"0":{"name":"(anonymous_0)","decl":{"start":{"line":4,"column":15},"end":{"line":4,"column":16}},"loc":{"start":{"line":4,"column":21},"end":{"line":4,"column":51}},"line":4},"1":{"name":"(anonymous_1)","decl":{"start":{"line":5,"column":38},"end":{"line":5,"column":39}},"loc":{"start":{"line":5,"column":44},"end":{"line":5,"column":69}},"line":5},"2":{"name":"(anonymous_2)","decl":{"start":{"line":13,"column":15},"end":{"line":13,"column":16}},"loc":{"start":{"line":13,"column":21},"end":{"line":13,"column":49}},"line":13}},"branchMap":{"0":{"loc":{"start":{"line":10,"column":0},"end":{"line":15,"column":1}},"type":"if","locations":[{"start":{"line":10,"column":0},"end":{"line":15,"column":1}},{"start":{"line":10,"column":0},"end":{"line":15,"column":1}}],"line":10}},"s":{"0":0,"1":0,"2":0,"3":0,"4":0,"5":0},"f":{"0":0,"1":0,"2":0},"b":{"0":[0,0]},"hash":"da6895df17aa9fe2b363ad6e2d2e9ae050cd7660"}
,"/Users/noeldacosta/repo/jsonapi-vuex-jest/src/store/index.js": {"path":"/Users/noeldacosta/repo/jsonapi-vuex-jest/src/store/index.js","statementMap":{"0":{"start":{"line":6,"column":0},"end":{"line":6,"column":14}},"1":{"start":{"line":14,"column":16},"end":{"line":22,"column":4}},"2":{"start":{"line":24,"column":2},"end":{"line":24,"column":15}}},"fnMap":{"0":{"name":"(anonymous_0)","decl":{"start":{"line":13,"column":15},"end":{"line":13,"column":16}},"loc":{"start":{"line":13,"column":46},"end":{"line":25,"column":1}},"line":13}},"branchMap":{},"s":{"0":0,"1":0,"2":0},"f":{"0":0},"b":{},"hash":"45ae5c02ffa07d30ba093eb2b8fff8304e8cc9fe"}
,"/Users/noeldacosta/repo/jsonapi-vuex-jest/src/store/module-example/actions.js": {"path":"/Users/noeldacosta/repo/jsonapi-vuex-jest/src/store/module-example/actions.js","statementMap":{},"fnMap":{"0":{"name":"someAction","decl":{"start":{"line":1,"column":16},"end":{"line":1,"column":26}},"loc":{"start":{"line":1,"column":42},"end":{"line":1,"column":44}},"line":1}},"branchMap":{},"s":{},"f":{"0":0},"b":{},"hash":"8384146ff5e3772a5e522a29b83a84c64f166faa"}
,"/Users/noeldacosta/repo/jsonapi-vuex-jest/src/store/module-example/getters.js": {"path":"/Users/noeldacosta/repo/jsonapi-vuex-jest/src/store/module-example/getters.js","statementMap":{},"fnMap":{"0":{"name":"someGetter","decl":{"start":{"line":1,"column":16},"end":{"line":1,"column":26}},"loc":{"start":{"line":1,"column":40},"end":{"line":1,"column":42}},"line":1}},"branchMap":{},"s":{},"f":{"0":0},"b":{},"hash":"48a4430b3cc28b8ec5d5dad334aa93976059362a"}
,"/Users/noeldacosta/repo/jsonapi-vuex-jest/src/store/module-example/index.js": {"path":"/Users/noeldacosta/repo/jsonapi-vuex-jest/src/store/module-example/index.js","statementMap":{},"fnMap":{},"branchMap":{},"s":{},"f":{},"b":{},"hash":"da13a27eb8b7541c522aacc7467913c2ecc08602"}
,"/Users/noeldacosta/repo/jsonapi-vuex-jest/src/store/module-example/mutations.js": {"path":"/Users/noeldacosta/repo/jsonapi-vuex-jest/src/store/module-example/mutations.js","statementMap":{},"fnMap":{"0":{"name":"someMutation","decl":{"start":{"line":1,"column":16},"end":{"line":1,"column":28}},"loc":{"start":{"line":1,"column":42},"end":{"line":1,"column":44}},"line":1}},"branchMap":{},"s":{},"f":{"0":0},"b":{},"hash":"9b339146fad753ff0ddaf84403352ae9ae04877f"}
,"/Users/noeldacosta/repo/jsonapi-vuex-jest/src/store/module-example/state.js": {"path":"/Users/noeldacosta/repo/jsonapi-vuex-jest/src/store/module-example/state.js","statementMap":{},"fnMap":{},"branchMap":{},"s":{},"f":{},"b":{},"hash":"da8aba99273b7e0bffe5e128db6b5128389afd24"}
}
